<?xml version="1.0" encoding="UTF-8"?>
<!-- Generated by org.testng.reporters.JUnitReportReporter -->
<testsuite skipped="0" hostname="LAPTOP-FDIBJU8L" name="AppiumFramework.AppiumFramework.Ecommerce_tc_4" tests="1" failures="0" timestamp="2021-04-21T11:26:11 IST" time="181.171" errors="0">
  <testcase name="totalValidation" time="181.171" classname="AppiumFramework.AppiumFramework.Ecommerce_tc_4"/>
  <system-out/>
</testsuite> <!-- AppiumFramework.AppiumFramework.Ecommerce_tc_4 -->
